# JRE version: Java(TM) SE Runtime Environment (8.0_77-b03) (build 1.8.0_77-b03)
# Java VM: Java HotSpot(TM) 64-Bit Server VM (25.77-b03 mixed mode bsd-amd64 compressed oops)
Heap:
 PSYoungGen      total 130560K, used 67236K [0x00000007aab00000, 0x00000007b4300000, 0x00000007c0000000)
  eden space 117248K, 46% used [0x00000007aab00000,0x00000007adfb1118,0x00000007b1d80000)
  from space 13312K, 99% used [0x00000007b2c00000,0x00000007b38f8070,0x00000007b3900000)
  to   space 14848K, 0% used [0x00000007b1d80000,0x00000007b1d80000,0x00000007b2c00000)
 ParOldGen       total 100864K, used 17152K [0x0000000780000000, 0x0000000786280000, 0x00000007aab00000)
  object space 100864K, 17% used [0x0000000780000000,0x00000007810c0108,0x0000000786280000)
 Metaspace       used 43823K, capacity 44582K, committed 44720K, reserved 1087488K
  class space    used 6058K, capacity 6272K, committed 6320K, reserved 1048576K
GC Heap History (10 events):
Event: 6.899 GC heap before
{Heap before GC invocations=10 (full 1):
 PSYoungGen      total 88576K, used 58146K [0x00000007aab00000, 0x00000007b2080000, 0x00000007c0000000)
  eden space 77312K, 60% used [0x00000007aab00000,0x00000007ad9018f0,0x00000007af680000)
  from space 11264K, 97% used [0x00000007b0300000,0x00000007b0dc7090,0x00000007b0e00000)
  to   space 12800K, 0% used [0x00000007af680000,0x00000007af680000,0x00000007b0300000)
 ParOldGen       total 64000K, used 9218K [0x0000000780000000, 0x0000000783e80000, 0x00000007aab00000)
  object space 64000K, 14% used [0x0000000780000000,0x0000000780900a48,0x0000000783e80000)
 Metaspace       used 34885K, capacity 35380K, committed 35496K, reserved 1079296K
  class space    used 4942K, capacity 5109K, committed 5168K, reserved 1048576K
Event: 6.908 GC heap after
Heap after GC invocations=10 (full 1):
 PSYoungGen      total 90112K, used 7447K [0x00000007aab00000, 0x00000007b2880000, 0x00000007c0000000)
  eden space 77312K, 0% used [0x00000007aab00000,0x00000007aab00000,0x00000007af680000)
  from space 12800K, 58% used [0x00000007af680000,0x00000007afdc5dc8,0x00000007b0300000)
  to   space 12288K, 0% used [0x00000007b1c80000,0x00000007b1c80000,0x00000007b2880000)
 ParOldGen       total 64000K, used 12394K [0x0000000780000000, 0x0000000783e80000, 0x00000007aab00000)
  object space 64000K, 19% used [0x0000000780000000,0x0000000780c1aac8,0x0000000783e80000)
 Metaspace       used 34885K, capacity 35380K, committed 35496K, reserved 1079296K
  class space    used 4942K, capacity 5109K, committed 5168K, reserved 1048576K
}
Event: 6.908 GC heap before
{Heap before GC invocations=11 (full 2):
 PSYoungGen      total 90112K, used 7447K [0x00000007aab00000, 0x00000007b2880000, 0x00000007c0000000)
  eden space 77312K, 0% used [0x00000007aab00000,0x00000007aab00000,0x00000007af680000)
  from space 12800K, 58% used [0x00000007af680000,0x00000007afdc5dc8,0x00000007b0300000)
  to   space 12288K, 0% used [0x00000007b1c80000,0x00000007b1c80000,0x00000007b2880000)
 ParOldGen       total 64000K, used 12394K [0x0000000780000000, 0x0000000783e80000, 0x00000007aab00000)
  object space 64000K, 19% used [0x0000000780000000,0x0000000780c1aac8,0x0000000783e80000)
 Metaspace       used 34885K, capacity 35380K, committed 35496K, reserved 1079296K
  class space    used 4942K, capacity 5109K, committed 5168K, reserved 1048576K
Event: 6.989 GC heap after
Heap after GC invocations=11 (full 2):
 PSYoungGen      total 90112K, used 0K [0x00000007aab00000, 0x00000007b2880000, 0x00000007c0000000)
  eden space 77312K, 0% used [0x00000007aab00000,0x00000007aab00000,0x00000007af680000)
  from space 12800K, 0% used [0x00000007af680000,0x00000007af680000,0x00000007b0300000)
  to   space 12288K, 0% used [0x00000007b1c80000,0x00000007b1c80000,0x00000007b2880000)
 ParOldGen       total 100864K, used 16913K [0x0000000780000000, 0x0000000786280000, 0x00000007aab00000)
  object space 100864K, 16% used [0x0000000780000000,0x0000000781084748,0x0000000786280000)
 Metaspace       used 34873K, capacity 35364K, committed 35496K, reserved 1079296K
  class space    used 4938K, capacity 5105K, committed 5168K, reserved 1048576K
}
Event: 8.777 GC heap before
{Heap before GC invocations=12 (full 2):
 PSYoungGen      total 90112K, used 77312K [0x00000007aab00000, 0x00000007b2880000, 0x00000007c0000000)
  eden space 77312K, 100% used [0x00000007aab00000,0x00000007af680000,0x00000007af680000)
  from space 12800K, 0% used [0x00000007af680000,0x00000007af680000,0x00000007b0300000)
  to   space 12288K, 0% used [0x00000007b1c80000,0x00000007b1c80000,0x00000007b2880000)
 ParOldGen       total 100864K, used 16913K [0x0000000780000000, 0x0000000786280000, 0x00000007aab00000)
  object space 100864K, 16% used [0x0000000780000000,0x0000000781084748,0x0000000786280000)
 Metaspace       used 39971K, capacity 40706K, committed 40752K, reserved 1083392K
  class space    used 5675K, capacity 5903K, committed 5936K, reserved 1048576K
Event: 8.791 GC heap after
Heap after GC invocations=12 (full 2):
 PSYoungGen      total 106496K, used 10174K [0x00000007aab00000, 0x00000007b2680000, 0x00000007c0000000)
  eden space 96256K, 0% used [0x00000007aab00000,0x00000007aab00000,0x00000007b0900000)
  from space 10240K, 99% used [0x00000007b1c80000,0x00000007b266fa80,0x00000007b2680000)
  to   space 12800K, 0% used [0x00000007b0d80000,0x00000007b0d80000,0x00000007b1a00000)
 ParOldGen       total 100864K, used 16921K [0x0000000780000000, 0x0000000786280000, 0x00000007aab00000)
  object space 100864K, 16% used [0x0000000780000000,0x0000000781086748,0x0000000786280000)
 Metaspace       used 39971K, capacity 40706K, committed 40752K, reserved 1083392K
  class space    used 5675K, capacity 5903K, committed 5936K, reserved 1048576K
}
Event: 10.034 GC heap before
{Heap before GC invocations=13 (full 2):
 PSYoungGen      total 106496K, used 106430K [0x00000007aab00000, 0x00000007b2680000, 0x00000007c0000000)
  eden space 96256K, 100% used [0x00000007aab00000,0x00000007b0900000,0x00000007b0900000)
  from space 10240K, 99% used [0x00000007b1c80000,0x00000007b266fa80,0x00000007b2680000)
  to   space 12800K, 0% used [0x00000007b0d80000,0x00000007b0d80000,0x00000007b1a00000)
 ParOldGen       total 100864K, used 16921K [0x0000000780000000, 0x0000000786280000, 0x00000007aab00000)
  object space 100864K, 16% used [0x0000000780000000,0x0000000781086748,0x0000000786280000)
 Metaspace       used 41533K, capacity 42228K, committed 42416K, reserved 1085440K
  class space    used 5803K, capacity 5986K, committed 6064K, reserved 1048576K
Event: 10.044 GC heap after
Heap after GC invocations=13 (full 2):
 PSYoungGen      total 113664K, used 10576K [0x00000007aab00000, 0x00000007b3900000, 0x00000007c0000000)
  eden space 100864K, 0% used [0x00000007aab00000,0x00000007aab00000,0x00000007b0d80000)
  from space 12800K, 82% used [0x00000007b0d80000,0x00000007b17d4070,0x00000007b1a00000)
  to   space 13312K, 0% used [0x00000007b2c00000,0x00000007b2c00000,0x00000007b3900000)
 ParOldGen       total 100864K, used 16929K [0x0000000780000000, 0x0000000786280000, 0x00000007aab00000)
  object space 100864K, 16% used [0x0000000780000000,0x0000000781088748,0x0000000786280000)
 Metaspace       used 41533K, capacity 42228K, committed 42416K, reserved 1085440K
  class space    used 5803K, capacity 5986K, committed 6064K, reserved 1048576K
}
Event: 10.836 GC heap before
{Heap before GC invocations=14 (full 2):
 PSYoungGen      total 113664K, used 111440K [0x00000007aab00000, 0x00000007b3900000, 0x00000007c0000000)
  eden space 100864K, 100% used [0x00000007aab00000,0x00000007b0d80000,0x00000007b0d80000)
  from space 12800K, 82% used [0x00000007b0d80000,0x00000007b17d4070,0x00000007b1a00000)
  to   space 13312K, 0% used [0x00000007b2c00000,0x00000007b2c00000,0x00000007b3900000)
 ParOldGen       total 100864K, used 16929K [0x0000000780000000, 0x0000000786280000, 0x00000007aab00000)
  object space 100864K, 16% used [0x0000000780000000,0x0000000781088748,0x0000000786280000)
 Metaspace       used 41924K, capacity 42642K, committed 42928K, reserved 1085440K
  class space    used 5808K, capacity 5991K, committed 6064K, reserved 1048576K
Event: 10.849 GC heap after
Heap after GC invocations=14 (full 2):
 PSYoungGen      total 130560K, used 13280K [0x00000007aab00000, 0x00000007b4300000, 0x00000007c0000000)
  eden space 117248K, 0% used [0x00000007aab00000,0x00000007aab00000,0x00000007b1d80000)
  from space 13312K, 99% used [0x00000007b2c00000,0x00000007b38f8070,0x00000007b3900000)
  to   space 14848K, 0% used [0x00000007b1d80000,0x00000007b1d80000,0x00000007b2c00000)
 ParOldGen       total 100864K, used 17152K [0x0000000780000000, 0x0000000786280000, 0x00000007aab00000)
  object space 100864K, 17% used [0x0000000780000000,0x00000007810c0108,0x0000000786280000)
 Metaspace       used 41924K, capacity 42642K, committed 42928K, reserved 1085440K
  class space    used 5808K, capacity 5991K, committed 6064K, reserved 1048576K
}

